<?xml version="1.0" encoding="UTF-8"?>
<testng-results skipped="0" failed="0" total="1" passed="1">
  <reporter-output>
  </reporter-output>
  <suite name="Default suite" duration-ms="147797" started-at="2019-09-15T06:52:02Z" finished-at="2019-09-15T06:54:30Z">
    <groups>
    </groups>
    <test name="Default test" duration-ms="147797" started-at="2019-09-15T06:52:02Z" finished-at="2019-09-15T06:54:30Z">
      <class name="testCases.UsersPage_TC">
        <test-method status="PASS" signature="beforeMethod()[pri:0, instance:testCases.UsersPage_TC@725bef66]" name="beforeMethod" is-config="true" duration-ms="69315" started-at="2019-09-15T12:22:02Z" finished-at="2019-09-15T12:23:12Z">
          <reporter-output>
          </reporter-output>
        </test-method> <!-- beforeMethod -->
        <test-method status="PASS" signature="main()[pri:0, instance:testCases.UsersPage_TC@725bef66]" name="main" duration-ms="78467" started-at="2019-09-15T12:23:12Z" finished-at="2019-09-15T12:24:30Z">
          <reporter-output>
          </reporter-output>
        </test-method> <!-- main -->
      </class> <!-- testCases.UsersPage_TC -->
    </test> <!-- Default test -->
  </suite> <!-- Default suite -->
</testng-results>
